-------------------------------------------------------------------------------
Test set: tests.RegressionSet
-------------------------------------------------------------------------------
Tests run: 3, Failures: 0, Errors: 3, Skipped: 0, Time elapsed: 16.334 s <<< FAILURE! - in tests.RegressionSet
user can create document based on Quality template  Time elapsed: 12.197 s  <<< ERROR!
org.openqa.selenium.TimeoutException: Expected condition failed: waiting for tools.PageObjectIDM$Locator$element$2$$Lambda$479/265348534@79a1728c (tried for 10 second(s) with 200 milliseconds interval)
	at tests.RegressionSet.user can create document based on Quality template(RegressionSet.kt:27)
Caused by: org.openqa.selenium.NoSuchElementException: 
no such element: Unable to locate element: {"method":"css selector","selector":"#username"}
  (Session info: headless chrome=92.0.4515.159)
For documentation on this error, please visit: https://www.seleniumhq.org/exceptions/no_such_element.html
Build info: version: '3.141.59', revision: 'e82be7d358', time: '2018-11-14T08:17:03'
System info: host: 'DESKTOP-JVFBDES', ip: '172.29.208.1', os.name: 'Windows 10', os.arch: 'amd64', os.version: '10.0', java.version: '1.8.0_302'
Driver info: org.openqa.selenium.chrome.ChromeDriver
Capabilities {acceptInsecureCerts: false, browserName: chrome, browserVersion: 92.0.4515.159, chrome: {chromedriverVersion: 92.0.4515.107 (87a818b10553..., userDataDir: C:\Users\siemt\AppData\Loca...}, goog:chromeOptions: {debuggerAddress: localhost:50458}, javascriptEnabled: true, networkConnectionEnabled: false, pageLoadStrategy: normal, platform: WINDOWS, platformName: WINDOWS, proxy: Proxy(), setWindowRect: true, strictFileInteractability: false, timeouts: {implicit: 0, pageLoad: 300000, script: 30000}, unhandledPromptBehavior: dismiss and notify, webauthn:extension:credBlob: true, webauthn:extension:largeBlob: true, webauthn:virtualAuthenticators: true}
Session ID: eb50172a8f72751cd31da3de5c90faa2
*** Element info: {Using=id, value=username}
	at tests.RegressionSet.user can create document based on Quality template(RegressionSet.kt:27)

user can log in to Direct  Time elapsed: 1.311 s  <<< ERROR!
java.lang.NoClassDefFoundError: tests/RegressionSet$user can log in to Direct$1
	at tests.RegressionSet.user can log in to Direct(RegressionSet.kt:13)
Caused by: java.lang.ClassNotFoundException: tests.RegressionSet$user can log in to Direct$1
	at tests.RegressionSet.user can log in to Direct(RegressionSet.kt:13)

tests.RegressionSet  Time elapsed: 2.948 s  <<< ERROR!
java.io.FileNotFoundException: .\reports\json\RegressionSet.json (The system cannot find the path specified)

