<?xml version="1.0" encoding="UTF-8"?>
<testsuite xmlns:xsi="http://www.w3.org/2001/XMLSchema-instance" xsi:noNamespaceSchemaLocation="https://maven.apache.org/surefire/maven-surefire-plugin/xsd/surefire-test-report-3.0.xsd" version="3.0" name="tests.RegressionSet" time="16.334" tests="3" errors="3" skipped="0" failures="0">
  <properties>
    <property name="sun.desktop" value="windows"/>
    <property name="awt.toolkit" value="sun.awt.windows.WToolkit"/>
    <property name="file.encoding.pkg" value="sun.io"/>
    <property name="java.specification.version" value="1.8"/>
    <property name="webdriver.chrome.driver" value="./src/test/resources/chromedriver.exe"/>
    <property name="sun.cpu.isalist" value="amd64"/>
    <property name="sun.jnu.encoding" value="Cp1250"/>
    <property name="java.class.path" value="C:\Users\siemt\IdeaProjects\Kotlinium-master-IDM\target\test-classes;C:\Users\siemt\IdeaProjects\Kotlinium-master-IDM\target\classes;C:\Users\siemt\.m2\repository\com\google\code\gson\gson\2.8.7\gson-2.8.7.jar;C:\Users\siemt\.m2\repository\org\aspectj\aspectjweaver\1.9.5\aspectjweaver-1.9.5.jar;C:\Users\siemt\.m2\repository\org\seleniumhq\selenium\selenium-java\3.141.59\selenium-java-3.141.59.jar;C:\Users\siemt\.m2\repository\org\seleniumhq\selenium\selenium-api\3.141.59\selenium-api-3.141.59.jar;C:\Users\siemt\.m2\repository\org\seleniumhq\selenium\selenium-chrome-driver\3.141.59\selenium-chrome-driver-3.141.59.jar;C:\Users\siemt\.m2\repository\org\seleniumhq\selenium\selenium-edge-driver\3.141.59\selenium-edge-driver-3.141.59.jar;C:\Users\siemt\.m2\repository\org\seleniumhq\selenium\selenium-firefox-driver\3.141.59\selenium-firefox-driver-3.141.59.jar;C:\Users\siemt\.m2\repository\org\seleniumhq\selenium\selenium-ie-driver\3.141.59\selenium-ie-driver-3.141.59.jar;C:\Users\siemt\.m2\repository\org\seleniumhq\selenium\selenium-opera-driver\3.141.59\selenium-opera-driver-3.141.59.jar;C:\Users\siemt\.m2\repository\org\seleniumhq\selenium\selenium-remote-driver\3.141.59\selenium-remote-driver-3.141.59.jar;C:\Users\siemt\.m2\repository\org\seleniumhq\selenium\selenium-safari-driver\3.141.59\selenium-safari-driver-3.141.59.jar;C:\Users\siemt\.m2\repository\org\seleniumhq\selenium\selenium-support\3.141.59\selenium-support-3.141.59.jar;C:\Users\siemt\.m2\repository\net\bytebuddy\byte-buddy\1.8.15\byte-buddy-1.8.15.jar;C:\Users\siemt\.m2\repository\org\apache\commons\commons-exec\1.3\commons-exec-1.3.jar;C:\Users\siemt\.m2\repository\com\google\guava\guava\25.0-jre\guava-25.0-jre.jar;C:\Users\siemt\.m2\repository\com\google\code\findbugs\jsr305\1.3.9\jsr305-1.3.9.jar;C:\Users\siemt\.m2\repository\org\checkerframework\checker-compat-qual\2.0.0\checker-compat-qual-2.0.0.jar;C:\Users\siemt\.m2\repository\com\google\errorprone\error_prone_annotations\2.1.3\error_prone_annotations-2.1.3.jar;C:\Users\siemt\.m2\repository\com\google\j2objc\j2objc-annotations\1.1\j2objc-annotations-1.1.jar;C:\Users\siemt\.m2\repository\org\codehaus\mojo\animal-sniffer-annotations\1.14\animal-sniffer-annotations-1.14.jar;C:\Users\siemt\.m2\repository\com\squareup\okhttp3\okhttp\3.11.0\okhttp-3.11.0.jar;C:\Users\siemt\.m2\repository\com\squareup\okio\okio\1.14.0\okio-1.14.0.jar;C:\Users\siemt\.m2\repository\org\junit\platform\junit-platform-surefire-provider\1.0.3\junit-platform-surefire-provider-1.0.3.jar;C:\Users\siemt\.m2\repository\org\apiguardian\apiguardian-api\1.0.0\apiguardian-api-1.0.0.jar;C:\Users\siemt\.m2\repository\org\junit\platform\junit-platform-launcher\1.0.3\junit-platform-launcher-1.0.3.jar;C:\Users\siemt\.m2\repository\org\apache\maven\surefire\surefire-api\2.19.1\surefire-api-2.19.1.jar;C:\Users\siemt\.m2\repository\org\apache\maven\surefire\common-java5\2.19.1\common-java5-2.19.1.jar;C:\Users\siemt\.m2\repository\org\jetbrains\kotlin\kotlin-stdlib-jdk8\1.5.30-M1\kotlin-stdlib-jdk8-1.5.30-M1.jar;C:\Users\siemt\.m2\repository\org\jetbrains\kotlin\kotlin-stdlib\1.5.30-M1\kotlin-stdlib-1.5.30-M1.jar;C:\Users\siemt\.m2\repository\org\jetbrains\annotations\13.0\annotations-13.0.jar;C:\Users\siemt\.m2\repository\org\jetbrains\kotlin\kotlin-stdlib-common\1.5.30-M1\kotlin-stdlib-common-1.5.30-M1.jar;C:\Users\siemt\.m2\repository\org\jetbrains\kotlin\kotlin-stdlib-jdk7\1.5.30-M1\kotlin-stdlib-jdk7-1.5.30-M1.jar;C:\Users\siemt\.m2\repository\org\junit\jupiter\junit-jupiter\5.8.0-RC1\junit-jupiter-5.8.0-RC1.jar;C:\Users\siemt\.m2\repository\org\junit\jupiter\junit-jupiter-api\5.8.0-RC1\junit-jupiter-api-5.8.0-RC1.jar;C:\Users\siemt\.m2\repository\org\junit\jupiter\junit-jupiter-params\5.8.0-RC1\junit-jupiter-params-5.8.0-RC1.jar;C:\Users\siemt\.m2\repository\org\junit\jupiter\junit-jupiter-engine\5.8.0-RC1\junit-jupiter-engine-5.8.0-RC1.jar;C:\Users\siemt\.m2\repository\org\junit\platform\junit-platform-engine\1.8.0-RC1\junit-platform-engine-1.8.0-RC1.jar;C:\Users\siemt\.m2\repository\org\opentest4j\opentest4j\1.2.0\opentest4j-1.2.0.jar;C:\Users\siemt\.m2\repository\org\junit\platform\junit-platform-commons\1.8.0-RC1\junit-platform-commons-1.8.0-RC1.jar;"/>
    <property name="java.vm.vendor" value="Amazon.com Inc."/>
    <property name="sun.arch.data.model" value="64"/>
    <property name="user.variant" value=""/>
    <property name="java.vendor.url" value="https://aws.amazon.com/corretto/"/>
    <property name="user.timezone" value="Europe/Belgrade"/>
    <property name="java.vm.specification.version" value="1.8"/>
    <property name="os.name" value="Windows 10"/>
    <property name="user.country" value="GB"/>
    <property name="sun.java.launcher" value="SUN_STANDARD"/>
    <property name="sun.boot.library.path" value="C:\Program Files\Java\jdk1.8.0_302\jre\bin"/>
    <property name="sun.java.command" value="C:\Users\siemt\AppData\Local\Temp\surefire1102199725790550251\surefirebooter4599984897420055247.jar C:\Users\siemt\AppData\Local\Temp\surefire1102199725790550251 2021-08-29T14-29-57_033-jvmRun1 surefire8029656652936844711tmp surefire_01961111106136570719tmp"/>
    <property name="surefire.test.class.path" value="C:\Users\siemt\IdeaProjects\Kotlinium-master-IDM\target\test-classes;C:\Users\siemt\IdeaProjects\Kotlinium-master-IDM\target\classes;C:\Users\siemt\.m2\repository\com\google\code\gson\gson\2.8.7\gson-2.8.7.jar;C:\Users\siemt\.m2\repository\org\aspectj\aspectjweaver\1.9.5\aspectjweaver-1.9.5.jar;C:\Users\siemt\.m2\repository\org\seleniumhq\selenium\selenium-java\3.141.59\selenium-java-3.141.59.jar;C:\Users\siemt\.m2\repository\org\seleniumhq\selenium\selenium-api\3.141.59\selenium-api-3.141.59.jar;C:\Users\siemt\.m2\repository\org\seleniumhq\selenium\selenium-chrome-driver\3.141.59\selenium-chrome-driver-3.141.59.jar;C:\Users\siemt\.m2\repository\org\seleniumhq\selenium\selenium-edge-driver\3.141.59\selenium-edge-driver-3.141.59.jar;C:\Users\siemt\.m2\repository\org\seleniumhq\selenium\selenium-firefox-driver\3.141.59\selenium-firefox-driver-3.141.59.jar;C:\Users\siemt\.m2\repository\org\seleniumhq\selenium\selenium-ie-driver\3.141.59\selenium-ie-driver-3.141.59.jar;C:\Users\siemt\.m2\repository\org\seleniumhq\selenium\selenium-opera-driver\3.141.59\selenium-opera-driver-3.141.59.jar;C:\Users\siemt\.m2\repository\org\seleniumhq\selenium\selenium-remote-driver\3.141.59\selenium-remote-driver-3.141.59.jar;C:\Users\siemt\.m2\repository\org\seleniumhq\selenium\selenium-safari-driver\3.141.59\selenium-safari-driver-3.141.59.jar;C:\Users\siemt\.m2\repository\org\seleniumhq\selenium\selenium-support\3.141.59\selenium-support-3.141.59.jar;C:\Users\siemt\.m2\repository\net\bytebuddy\byte-buddy\1.8.15\byte-buddy-1.8.15.jar;C:\Users\siemt\.m2\repository\org\apache\commons\commons-exec\1.3\commons-exec-1.3.jar;C:\Users\siemt\.m2\repository\com\google\guava\guava\25.0-jre\guava-25.0-jre.jar;C:\Users\siemt\.m2\repository\com\google\code\findbugs\jsr305\1.3.9\jsr305-1.3.9.jar;C:\Users\siemt\.m2\repository\org\checkerframework\checker-compat-qual\2.0.0\checker-compat-qual-2.0.0.jar;C:\Users\siemt\.m2\repository\com\google\errorprone\error_prone_annotations\2.1.3\error_prone_annotations-2.1.3.jar;C:\Users\siemt\.m2\repository\com\google\j2objc\j2objc-annotations\1.1\j2objc-annotations-1.1.jar;C:\Users\siemt\.m2\repository\org\codehaus\mojo\animal-sniffer-annotations\1.14\animal-sniffer-annotations-1.14.jar;C:\Users\siemt\.m2\repository\com\squareup\okhttp3\okhttp\3.11.0\okhttp-3.11.0.jar;C:\Users\siemt\.m2\repository\com\squareup\okio\okio\1.14.0\okio-1.14.0.jar;C:\Users\siemt\.m2\repository\org\junit\platform\junit-platform-surefire-provider\1.0.3\junit-platform-surefire-provider-1.0.3.jar;C:\Users\siemt\.m2\repository\org\apiguardian\apiguardian-api\1.0.0\apiguardian-api-1.0.0.jar;C:\Users\siemt\.m2\repository\org\junit\platform\junit-platform-launcher\1.0.3\junit-platform-launcher-1.0.3.jar;C:\Users\siemt\.m2\repository\org\apache\maven\surefire\surefire-api\2.19.1\surefire-api-2.19.1.jar;C:\Users\siemt\.m2\repository\org\apache\maven\surefire\common-java5\2.19.1\common-java5-2.19.1.jar;C:\Users\siemt\.m2\repository\org\jetbrains\kotlin\kotlin-stdlib-jdk8\1.5.30-M1\kotlin-stdlib-jdk8-1.5.30-M1.jar;C:\Users\siemt\.m2\repository\org\jetbrains\kotlin\kotlin-stdlib\1.5.30-M1\kotlin-stdlib-1.5.30-M1.jar;C:\Users\siemt\.m2\repository\org\jetbrains\annotations\13.0\annotations-13.0.jar;C:\Users\siemt\.m2\repository\org\jetbrains\kotlin\kotlin-stdlib-common\1.5.30-M1\kotlin-stdlib-common-1.5.30-M1.jar;C:\Users\siemt\.m2\repository\org\jetbrains\kotlin\kotlin-stdlib-jdk7\1.5.30-M1\kotlin-stdlib-jdk7-1.5.30-M1.jar;C:\Users\siemt\.m2\repository\org\junit\jupiter\junit-jupiter\5.8.0-RC1\junit-jupiter-5.8.0-RC1.jar;C:\Users\siemt\.m2\repository\org\junit\jupiter\junit-jupiter-api\5.8.0-RC1\junit-jupiter-api-5.8.0-RC1.jar;C:\Users\siemt\.m2\repository\org\junit\jupiter\junit-jupiter-params\5.8.0-RC1\junit-jupiter-params-5.8.0-RC1.jar;C:\Users\siemt\.m2\repository\org\junit\jupiter\junit-jupiter-engine\5.8.0-RC1\junit-jupiter-engine-5.8.0-RC1.jar;C:\Users\siemt\.m2\repository\org\junit\platform\junit-platform-engine\1.8.0-RC1\junit-platform-engine-1.8.0-RC1.jar;C:\Users\siemt\.m2\repository\org\opentest4j\opentest4j\1.2.0\opentest4j-1.2.0.jar;C:\Users\siemt\.m2\repository\org\junit\platform\junit-platform-commons\1.8.0-RC1\junit-platform-commons-1.8.0-RC1.jar;"/>
    <property name="sun.cpu.endian" value="little"/>
    <property name="user.home" value="C:\Users\siemt"/>
    <property name="user.language" value="en"/>
    <property name="java.specification.vendor" value="Oracle Corporation"/>
    <property name="java.home" value="C:\Program Files\Java\jdk1.8.0_302\jre"/>
    <property name="basedir" value="C:\Users\siemt\IdeaProjects\Kotlinium-master-IDM"/>
    <property name="file.separator" value="\"/>
    <property name="line.separator" value="&#10;"/>
    <property name="java.vm.specification.vendor" value="Oracle Corporation"/>
    <property name="java.specification.name" value="Java Platform API Specification"/>
    <property name="java.awt.graphicsenv" value="sun.awt.Win32GraphicsEnvironment"/>
    <property name="surefire.real.class.path" value="C:\Users\siemt\AppData\Local\Temp\surefire1102199725790550251\surefirebooter4599984897420055247.jar;C:\Users\siemt\.m2\repository/org/aspectj/aspectjweaver/1.9.5/aspectjweaver-1.9.5.jar"/>
    <property name="sun.boot.class.path" value="C:\Program Files\Java\jdk1.8.0_302\jre\lib\resources.jar;C:\Program Files\Java\jdk1.8.0_302\jre\lib\rt.jar;C:\Program Files\Java\jdk1.8.0_302\jre\lib\sunrsasign.jar;C:\Program Files\Java\jdk1.8.0_302\jre\lib\jsse.jar;C:\Program Files\Java\jdk1.8.0_302\jre\lib\jce.jar;C:\Program Files\Java\jdk1.8.0_302\jre\lib\charsets.jar;C:\Program Files\Java\jdk1.8.0_302\jre\lib\jfr.jar;C:\Program Files\Java\jdk1.8.0_302\jre\classes"/>
    <property name="user.script" value=""/>
    <property name="sun.management.compiler" value="HotSpot 64-Bit Tiered Compilers"/>
    <property name="java.runtime.version" value="1.8.0_302-b08"/>
    <property name="user.name" value="siemt"/>
    <property name="path.separator" value=";"/>
    <property name="os.version" value="10.0"/>
    <property name="java.endorsed.dirs" value="C:\Program Files\Java\jdk1.8.0_302\jre\lib\endorsed"/>
    <property name="java.runtime.name" value="OpenJDK Runtime Environment"/>
    <property name="file.encoding" value="Cp1250"/>
    <property name="java.vm.name" value="OpenJDK 64-Bit Server VM"/>
    <property name="localRepository" value="C:\Users\siemt\.m2\repository"/>
    <property name="java.vendor.url.bug" value="https://github.com/corretto/corretto-8/issues/"/>
    <property name="java.io.tmpdir" value="C:\Users\siemt\AppData\Local\Temp\"/>
    <property name="idea.version" value="2021.2"/>
    <property name="java.version" value="1.8.0_302"/>
    <property name="user.dir" value="C:\Users\siemt\IdeaProjects\Kotlinium-master-IDM"/>
    <property name="os.arch" value="amd64"/>
    <property name="java.vm.specification.name" value="Java Virtual Machine Specification"/>
    <property name="java.awt.printerjob" value="sun.awt.windows.WPrinterJob"/>
    <property name="sun.os.patch.level" value=""/>
    <property name="environment" value="https://www.google.com"/>
    <property name="java.library.path" value="C:\Program Files\Java\jdk1.8.0_302\jre\bin;C:\WINDOWS\Sun\Java\bin;C:\WINDOWS\system32;C:\WINDOWS;C:\Python39\Scripts\;C:\Python39\;C:\Program Files (x86)\Common Files\Oracle\Java\javapath;C:\Program Files\nodejs;C:\Program Files\Git\bin\;C:\Program Files\Git\cmd\;C:\WINDOWS\system32\WindowsPowerShell\v1.0\powershell.exe;C:\WINDOWS\system32;C:\WINDOWS;C:\WINDOWS\System32\Wbem;C:\WINDOWS\System32\WindowsPowerShell\v1.0\;C:\WINDOWS\System32\OpenSSH\;C:\Program Files\nodejs\;C:\ProgramData\chocolatey\bin;C:\WINDOWS\system32\WindowsPowerShell\v1.0\powershell.exe;C:\Users\siemt\AppData\Local\Microsoft\WindowsApps;;C:\Users\siemt\AppData\Local\Programs\Fiddler;C:\Users\siemt\AppData\Local\Programs\Microsoft VS Code\bin;C:\Users\siemt\AppData\Roaming\npm;%USERPROFILE%\AppData\Local\Microsoft\WindowsApps;."/>
    <property name="java.vm.info" value="mixed mode"/>
    <property name="java.vendor" value="Amazon.com Inc."/>
    <property name="java.vm.version" value="25.302-b08"/>
    <property name="java.ext.dirs" value="C:\Program Files\Java\jdk1.8.0_302\jre\lib\ext;C:\WINDOWS\Sun\Java\lib\ext"/>
    <property name="sun.io.unicode.encoding" value="UnicodeLittle"/>
    <property name="java.class.version" value="52.0"/>
  </properties>
  <testcase name="user can create document based on Quality template" classname="tests.RegressionSet" time="12.197">
    <error message="Expected condition failed: waiting for tools.PageObjectIDM$Locator$element$2$$Lambda$479/265348534@79a1728c (tried for 10 second(s) with 200 milliseconds interval)" type="org.openqa.selenium.TimeoutException">org.openqa.selenium.TimeoutException: Expected condition failed: waiting for tools.PageObjectIDM$Locator$element$2$$Lambda$479/265348534@79a1728c (tried for 10 second(s) with 200 milliseconds interval)
	at tests.RegressionSet.user can create document based on Quality template(RegressionSet.kt:27)
Caused by: org.openqa.selenium.NoSuchElementException: 
no such element: Unable to locate element: {"method":"css selector","selector":"#username"}
  (Session info: headless chrome=92.0.4515.159)
For documentation on this error, please visit: https://www.seleniumhq.org/exceptions/no_such_element.html
Build info: version: '3.141.59', revision: 'e82be7d358', time: '2018-11-14T08:17:03'
System info: host: 'DESKTOP-JVFBDES', ip: '172.29.208.1', os.name: 'Windows 10', os.arch: 'amd64', os.version: '10.0', java.version: '1.8.0_302'
Driver info: org.openqa.selenium.chrome.ChromeDriver
Capabilities {acceptInsecureCerts: false, browserName: chrome, browserVersion: 92.0.4515.159, chrome: {chromedriverVersion: 92.0.4515.107 (87a818b10553..., userDataDir: C:\Users\siemt\AppData\Loca...}, goog:chromeOptions: {debuggerAddress: localhost:50458}, javascriptEnabled: true, networkConnectionEnabled: false, pageLoadStrategy: normal, platform: WINDOWS, platformName: WINDOWS, proxy: Proxy(), setWindowRect: true, strictFileInteractability: false, timeouts: {implicit: 0, pageLoad: 300000, script: 30000}, unhandledPromptBehavior: dismiss and notify, webauthn:extension:credBlob: true, webauthn:extension:largeBlob: true, webauthn:virtualAuthenticators: true}
Session ID: eb50172a8f72751cd31da3de5c90faa2
*** Element info: {Using=id, value=username}
	at tests.RegressionSet.user can create document based on Quality template(RegressionSet.kt:27)
</error>
    <system-out><![CDATA[[--headless, --disable-gpu, --window-size=1920,1200, --incognito]
opened https://www.google.com
]]></system-out>
    <system-err><![CDATA[Starting ChromeDriver 92.0.4515.107 (87a818b10553a07434ea9e2b6dccf3cbe7895134-refs/branch-heads/4515@{#1634}) on port 1656
Only local connections are allowed.
Please see https://chromedriver.chromium.org/security-considerations for suggestions on keeping ChromeDriver safe.
ChromeDriver was started successfully.
Aug 29, 2021 2:30:10 PM org.openqa.selenium.remote.ProtocolHandshake createSession
INFO: Detected dialect: W3C
]]></system-err>
  </testcase>
  <testcase name="user can log in to Direct" classname="tests.RegressionSet" time="1.311">
    <error message="tests/RegressionSet$user can log in to Direct$1" type="java.lang.NoClassDefFoundError">java.lang.NoClassDefFoundError: tests/RegressionSet$user can log in to Direct$1
	at tests.RegressionSet.user can log in to Direct(RegressionSet.kt:13)
Caused by: java.lang.ClassNotFoundException: tests.RegressionSet$user can log in to Direct$1
	at tests.RegressionSet.user can log in to Direct(RegressionSet.kt:13)
</error>
    <system-out><![CDATA[opened https://www.google.com
]]></system-out>
  </testcase>
  <testcase name="tests.RegressionSet" classname="tests.RegressionSet" time="2.948">
    <error message=".\reports\json\RegressionSet.json (The system cannot find the path specified)" type="java.io.FileNotFoundException">java.io.FileNotFoundException: .\reports\json\RegressionSet.json (The system cannot find the path specified)
</error>
    <system-out><![CDATA[Done all tests: RegressionSet
]]></system-out>
  </testcase>
</testsuite>